<?xml version="1.0" encoding="UTF-8"?>
<!-- Generated by org.testng.reporters.JUnitReportReporter -->
<testsuite hostname="DESKTOP-H3977HQ" failures="0" tests="1" name="com.hrms.testscript.TC004" time="6.401" errors="0" timestamp="18 Nov 2022 18:03:21 GMT">
  <testcase classname="com.hrms.testscript.TC004" name="DeleteEmp" time="6.401"/>
</testsuite> <!-- com.hrms.testscript.TC004 -->
