<?xml version="1.0" encoding="UTF-8"?>
<!-- Generated by org.testng.reporters.JUnitReportReporter -->
<testsuite hostname="DESKTOP-H3977HQ" failures="0" tests="1" name="com.hrms.testscript.TC003" time="5.991" errors="0" timestamp="18 Nov 2022 17:43:24 GMT">
  <testcase classname="com.hrms.testscript.TC003" name="EditEmp" time="5.991"/>
</testsuite> <!-- com.hrms.testscript.TC003 -->
